The system is: Windows - 10.0.17134 - AMD64
Compiling the C compiler identification source file "CMakeCCompilerId.c" succeeded.
Compiler: C:/Program Files (x86)/Microsoft Visual Studio/2017/Community/VC/Tools/MSVC/14.15.26726/bin/Hostx86/x86/cl.exe 
Build flags: 
Id flags:  

The output was:
0
Microsoft (R) C/C++ Optimizing Compiler Version 19.15.26729 for x86
Copyright (C) Microsoft Corporation.  All rights reserved.

CMakeCCompilerId.c
Microsoft (R) Incremental Linker Version 14.15.26729.0
Copyright (C) Microsoft Corporation.  All rights reserved.

/out:CMakeCCompilerId.exe 
CMakeCCompilerId.obj 


Compilation of the C compiler identification source "CMakeCCompilerId.c" produced "CMakeCCompilerId.exe"

Compilation of the C compiler identification source "CMakeCCompilerId.c" produced "CMakeCCompilerId.obj"

The C compiler identification is MSVC, found in "H:/NSCC/2018 - 2019/Semester 1/Courses/CETN3010/Demos/Sept.11/Variables/cmake-build-debug/CMakeFiles/3.12.2/CompilerIdC/CMakeCCompilerId.exe"

Determining if the C compiler works passed with the following output:
Change Dir: H:/NSCC/2018 - 2019/Semester 1/Courses/CETN3010/Demos/Sept.11/Variables/cmake-build-debug/CMakeFiles/CMakeTmp

Run Build Command:"nmake" "/nologo" "cmTC_e988f\fast"
	"C:\Program Files (x86)\Microsoft Visual Studio\2017\Community\VC\Tools\MSVC\14.15.26726\bin\HostX86\x86\nmake.exe" -f CMakeFiles\cmTC_e988f.dir\build.make /nologo -L                  CMakeFiles\cmTC_e988f.dir\build
Building C object CMakeFiles/cmTC_e988f.dir/testCCompiler.c.obj
	C:\PROGRA~2\MIB055~1\2017\COMMUN~1\VC\Tools\MSVC\1415~1.267\bin\Hostx86\x86\cl.exe @C:\Users\Andrew\AppData\Local\Temp\nm12DD.tmp
testCCompiler.c
Linking C executable cmTC_e988f.exe
	"C:\Program Files\JetBrains\CLion 2018.2.4\bin\cmake\win\bin\cmake.exe" -E vs_link_exe --intdir=CMakeFiles\cmTC_e988f.dir --manifests  -- C:\PROGRA~2\MIB055~1\2017\COMMUN~1\VC\Tools\MSVC\1415~1.267\bin\Hostx86\x86\link.exe /nologo @CMakeFiles\cmTC_e988f.dir\objects1.rsp @C:\Users\Andrew\AppData\Local\Temp\nm14B3.tmp


Detecting C compiler ABI info compiled with the following output:
Change Dir: H:/NSCC/2018 - 2019/Semester 1/Courses/CETN3010/Demos/Sept.11/Variables/cmake-build-debug/CMakeFiles/CMakeTmp

Run Build Command:"nmake" "/nologo" "cmTC_6adc7\fast"
	"C:\Program Files (x86)\Microsoft Visual Studio\2017\Community\VC\Tools\MSVC\14.15.26726\bin\HostX86\x86\nmake.exe" -f CMakeFiles\cmTC_6adc7.dir\build.make /nologo -L                  CMakeFiles\cmTC_6adc7.dir\build
Building C object CMakeFiles/cmTC_6adc7.dir/CMakeCCompilerABI.c.obj
	C:\PROGRA~2\MIB055~1\2017\COMMUN~1\VC\Tools\MSVC\1415~1.267\bin\Hostx86\x86\cl.exe @C:\Users\Andrew\AppData\Local\Temp\nm1C91.tmp
CMakeCCompilerABI.c
Linking C executable cmTC_6adc7.exe
	"C:\Program Files\JetBrains\CLion 2018.2.4\bin\cmake\win\bin\cmake.exe" -E vs_link_exe --intdir=CMakeFiles\cmTC_6adc7.dir --manifests  -- C:\PROGRA~2\MIB055~1\2017\COMMUN~1\VC\Tools\MSVC\1415~1.267\bin\Hostx86\x86\link.exe /nologo @CMakeFiles\cmTC_6adc7.dir\objects1.rsp @C:\Users\Andrew\AppData\Local\Temp\nm1D1F.tmp




Detecting C [] compiler features compiled with the following output:
Change Dir: H:/NSCC/2018 - 2019/Semester 1/Courses/CETN3010/Demos/Sept.11/Variables/cmake-build-debug/CMakeFiles/CMakeTmp

Run Build Command:"nmake" "/nologo" "cmTC_154bb\fast"
	"C:\Program Files (x86)\Microsoft Visual Studio\2017\Community\VC\Tools\MSVC\14.15.26726\bin\HostX86\x86\nmake.exe" -f CMakeFiles\cmTC_154bb.dir\build.make /nologo -L                  CMakeFiles\cmTC_154bb.dir\build
Building C object CMakeFiles/cmTC_154bb.dir/feature_tests.c.obj
	C:\PROGRA~2\MIB055~1\2017\COMMUN~1\VC\Tools\MSVC\1415~1.267\bin\Hostx86\x86\cl.exe @C:\Users\Andrew\AppData\Local\Temp\nm250D.tmp
feature_tests.c
Linking C executable cmTC_154bb.exe
	"C:\Program Files\JetBrains\CLion 2018.2.4\bin\cmake\win\bin\cmake.exe" -E vs_link_exe --intdir=CMakeFiles\cmTC_154bb.dir --manifests  -- C:\PROGRA~2\MIB055~1\2017\COMMUN~1\VC\Tools\MSVC\1415~1.267\bin\Hostx86\x86\link.exe /nologo @CMakeFiles\cmTC_154bb.dir\objects1.rsp @C:\Users\Andrew\AppData\Local\Temp\nm258B.tmp


    Feature record: C_FEATURE:1c_function_prototypes
    Feature record: C_FEATURE:1c_variadic_macros
