The system is: Windows - 10.0.17134 - AMD64
Compiling the C compiler identification source file "CMakeCCompilerId.c" succeeded.
Compiler: D:/Program Files (x86)/Microsoft Visual Studio/2017/Community/VC/Tools/MSVC/14.15.26726/bin/Hostx86/x86/cl.exe 
Build flags: 
Id flags:  

The output was:
0
Microsoft (R) C/C++ Optimizing Compiler Version 19.15.26730 for x86
Copyright (C) Microsoft Corporation.  All rights reserved.

CMakeCCompilerId.c
Microsoft (R) Incremental Linker Version 14.15.26730.0
Copyright (C) Microsoft Corporation.  All rights reserved.

/out:CMakeCCompilerId.exe 
CMakeCCompilerId.obj 


Compilation of the C compiler identification source "CMakeCCompilerId.c" produced "CMakeCCompilerId.exe"

Compilation of the C compiler identification source "CMakeCCompilerId.c" produced "CMakeCCompilerId.obj"

The C compiler identification is MSVC, found in "E:/NSCC/2018-2019/Semester 1/Courses/CETN3010/Assignment 4/Assignment4/cmake-build-debug/CMakeFiles/3.12.1/CompilerIdC/CMakeCCompilerId.exe"

Determining if the C compiler works passed with the following output:
Change Dir: E:/NSCC/2018-2019/Semester 1/Courses/CETN3010/Assignment 4/Assignment4/cmake-build-debug/CMakeFiles/CMakeTmp

Run Build Command:"nmake" "/nologo" "cmTC_a1c14\fast"
	"D:\Program Files (x86)\Microsoft Visual Studio\2017\Community\VC\Tools\MSVC\14.15.26726\bin\HostX86\x86\nmake.exe" -f CMakeFiles\cmTC_a1c14.dir\build.make /nologo -L                  CMakeFiles\cmTC_a1c14.dir\build
Building C object CMakeFiles/cmTC_a1c14.dir/testCCompiler.c.obj
	"D:\Program Files (x86)\Microsoft Visual Studio\2017\Community\VC\Tools\MSVC\14.15.26726\bin\Hostx86\x86\cl.exe" @C:\Users\ANDREW~1\AppData\Local\Temp\nmA6E0.tmp
testCCompiler.c
Linking C executable cmTC_a1c14.exe
	"C:\Program Files\JetBrains\CLion 2018.2.3\bin\cmake\win\bin\cmake.exe" -E vs_link_exe --intdir=CMakeFiles\cmTC_a1c14.dir --manifests  -- "D:\Program Files (x86)\Microsoft Visual Studio\2017\Community\VC\Tools\MSVC\14.15.26726\bin\Hostx86\x86\link.exe" /nologo @CMakeFiles\cmTC_a1c14.dir\objects1.rsp @C:\Users\ANDREW~1\AppData\Local\Temp\nmA76E.tmp


Detecting C compiler ABI info compiled with the following output:
Change Dir: E:/NSCC/2018-2019/Semester 1/Courses/CETN3010/Assignment 4/Assignment4/cmake-build-debug/CMakeFiles/CMakeTmp

Run Build Command:"nmake" "/nologo" "cmTC_fd757\fast"
	"D:\Program Files (x86)\Microsoft Visual Studio\2017\Community\VC\Tools\MSVC\14.15.26726\bin\HostX86\x86\nmake.exe" -f CMakeFiles\cmTC_fd757.dir\build.make /nologo -L                  CMakeFiles\cmTC_fd757.dir\build
Building C object CMakeFiles/cmTC_fd757.dir/CMakeCCompilerABI.c.obj
	"D:\Program Files (x86)\Microsoft Visual Studio\2017\Community\VC\Tools\MSVC\14.15.26726\bin\Hostx86\x86\cl.exe" @C:\Users\ANDREW~1\AppData\Local\Temp\nmAEFE.tmp
CMakeCCompilerABI.c
Linking C executable cmTC_fd757.exe
	"C:\Program Files\JetBrains\CLion 2018.2.3\bin\cmake\win\bin\cmake.exe" -E vs_link_exe --intdir=CMakeFiles\cmTC_fd757.dir --manifests  -- "D:\Program Files (x86)\Microsoft Visual Studio\2017\Community\VC\Tools\MSVC\14.15.26726\bin\Hostx86\x86\link.exe" /nologo @CMakeFiles\cmTC_fd757.dir\objects1.rsp @C:\Users\ANDREW~1\AppData\Local\Temp\nmAF6D.tmp




Detecting C [] compiler features compiled with the following output:
Change Dir: E:/NSCC/2018-2019/Semester 1/Courses/CETN3010/Assignment 4/Assignment4/cmake-build-debug/CMakeFiles/CMakeTmp

Run Build Command:"nmake" "/nologo" "cmTC_d8c64\fast"
	"D:\Program Files (x86)\Microsoft Visual Studio\2017\Community\VC\Tools\MSVC\14.15.26726\bin\HostX86\x86\nmake.exe" -f CMakeFiles\cmTC_d8c64.dir\build.make /nologo -L                  CMakeFiles\cmTC_d8c64.dir\build
Building C object CMakeFiles/cmTC_d8c64.dir/feature_tests.c.obj
	"D:\Program Files (x86)\Microsoft Visual Studio\2017\Community\VC\Tools\MSVC\14.15.26726\bin\Hostx86\x86\cl.exe" @C:\Users\ANDREW~1\AppData\Local\Temp\nmB6BF.tmp
feature_tests.c
Linking C executable cmTC_d8c64.exe
	"C:\Program Files\JetBrains\CLion 2018.2.3\bin\cmake\win\bin\cmake.exe" -E vs_link_exe --intdir=CMakeFiles\cmTC_d8c64.dir --manifests  -- "D:\Program Files (x86)\Microsoft Visual Studio\2017\Community\VC\Tools\MSVC\14.15.26726\bin\Hostx86\x86\link.exe" /nologo @CMakeFiles\cmTC_d8c64.dir\objects1.rsp @C:\Users\ANDREW~1\AppData\Local\Temp\nmB70E.tmp


    Feature record: C_FEATURE:1c_function_prototypes
    Feature record: C_FEATURE:1c_variadic_macros
