The system is: Windows - 10.0.17134 - AMD64
Compiling the C compiler identification source file "CMakeCCompilerId.c" succeeded.
Compiler: D:/Program Files (x86)/Microsoft Visual Studio/2017/Community/VC/Tools/MSVC/14.15.26726/bin/Hostx86/x86/cl.exe 
Build flags: 
Id flags:  

The output was:
0
Microsoft (R) C/C++ Optimizing Compiler Version 19.15.26730 for x86
Copyright (C) Microsoft Corporation.  All rights reserved.

CMakeCCompilerId.c
Microsoft (R) Incremental Linker Version 14.15.26730.0
Copyright (C) Microsoft Corporation.  All rights reserved.

/out:CMakeCCompilerId.exe 
CMakeCCompilerId.obj 


Compilation of the C compiler identification source "CMakeCCompilerId.c" produced "CMakeCCompilerId.exe"

Compilation of the C compiler identification source "CMakeCCompilerId.c" produced "CMakeCCompilerId.obj"

The C compiler identification is MSVC, found in "E:/NSCC/2018-2019/Semester 1/Courses/CETN3010/Assignment 5/Assignment5/cmake-build-debug/CMakeFiles/3.13.1/CompilerIdC/CMakeCCompilerId.exe"

Determining if the C compiler works passed with the following output:
Change Dir: E:/NSCC/2018-2019/Semester 1/Courses/CETN3010/Assignment 5/Assignment5/cmake-build-debug/CMakeFiles/CMakeTmp

Run Build Command:"nmake" "/nologo" "cmTC_ec448\fast"
	"D:\Program Files (x86)\Microsoft Visual Studio\2017\Community\VC\Tools\MSVC\14.15.26726\bin\HostX86\x86\nmake.exe" -f CMakeFiles\cmTC_ec448.dir\build.make /nologo -L                  CMakeFiles\cmTC_ec448.dir\build
Building C object CMakeFiles/cmTC_ec448.dir/testCCompiler.c.obj
	"D:\Program Files (x86)\Microsoft Visual Studio\2017\Community\VC\Tools\MSVC\14.15.26726\bin\Hostx86\x86\cl.exe" @C:\Users\ANDREW~1\AppData\Local\Temp\nm4F8B.tmp
testCCompiler.c
Linking C executable cmTC_ec448.exe
	"C:\Program Files\JetBrains\CLion 2018.3.1\bin\cmake\win\bin\cmake.exe" -E vs_link_exe --intdir=CMakeFiles\cmTC_ec448.dir --manifests  -- "D:\Program Files (x86)\Microsoft Visual Studio\2017\Community\VC\Tools\MSVC\14.15.26726\bin\Hostx86\x86\link.exe" /nologo @CMakeFiles\cmTC_ec448.dir\objects1.rsp @C:\Users\ANDREW~1\AppData\Local\Temp\nm5170.tmp


Detecting C compiler ABI info compiled with the following output:
Change Dir: E:/NSCC/2018-2019/Semester 1/Courses/CETN3010/Assignment 5/Assignment5/cmake-build-debug/CMakeFiles/CMakeTmp

Run Build Command:"nmake" "/nologo" "cmTC_886e6\fast"
	"D:\Program Files (x86)\Microsoft Visual Studio\2017\Community\VC\Tools\MSVC\14.15.26726\bin\HostX86\x86\nmake.exe" -f CMakeFiles\cmTC_886e6.dir\build.make /nologo -L                  CMakeFiles\cmTC_886e6.dir\build
Building C object CMakeFiles/cmTC_886e6.dir/CMakeCCompilerABI.c.obj
	"D:\Program Files (x86)\Microsoft Visual Studio\2017\Community\VC\Tools\MSVC\14.15.26726\bin\Hostx86\x86\cl.exe" @C:\Users\ANDREW~1\AppData\Local\Temp\nm5B52.tmp
CMakeCCompilerABI.c
Linking C executable cmTC_886e6.exe
	"C:\Program Files\JetBrains\CLion 2018.3.1\bin\cmake\win\bin\cmake.exe" -E vs_link_exe --intdir=CMakeFiles\cmTC_886e6.dir --manifests  -- "D:\Program Files (x86)\Microsoft Visual Studio\2017\Community\VC\Tools\MSVC\14.15.26726\bin\Hostx86\x86\link.exe" /nologo @CMakeFiles\cmTC_886e6.dir\objects1.rsp @C:\Users\ANDREW~1\AppData\Local\Temp\nm5BFF.tmp




Detecting C [] compiler features compiled with the following output:
Change Dir: E:/NSCC/2018-2019/Semester 1/Courses/CETN3010/Assignment 5/Assignment5/cmake-build-debug/CMakeFiles/CMakeTmp

Run Build Command:"nmake" "/nologo" "cmTC_9e1e0\fast"
	"D:\Program Files (x86)\Microsoft Visual Studio\2017\Community\VC\Tools\MSVC\14.15.26726\bin\HostX86\x86\nmake.exe" -f CMakeFiles\cmTC_9e1e0.dir\build.make /nologo -L                  CMakeFiles\cmTC_9e1e0.dir\build
Building C object CMakeFiles/cmTC_9e1e0.dir/feature_tests.c.obj
	"D:\Program Files (x86)\Microsoft Visual Studio\2017\Community\VC\Tools\MSVC\14.15.26726\bin\Hostx86\x86\cl.exe" @C:\Users\ANDREW~1\AppData\Local\Temp\nm645B.tmp
feature_tests.c
Linking C executable cmTC_9e1e0.exe
	"C:\Program Files\JetBrains\CLion 2018.3.1\bin\cmake\win\bin\cmake.exe" -E vs_link_exe --intdir=CMakeFiles\cmTC_9e1e0.dir --manifests  -- "D:\Program Files (x86)\Microsoft Visual Studio\2017\Community\VC\Tools\MSVC\14.15.26726\bin\Hostx86\x86\link.exe" /nologo @CMakeFiles\cmTC_9e1e0.dir\objects1.rsp @C:\Users\ANDREW~1\AppData\Local\Temp\nm64D9.tmp


    Feature record: C_FEATURE:1c_function_prototypes
    Feature record: C_FEATURE:1c_variadic_macros
