The system is: Windows - 10.0.17134 - AMD64
Compiling the C compiler identification source file "CMakeCCompilerId.c" succeeded.
Compiler: C:/Program Files (x86)/Microsoft Visual Studio/2017/Community/VC/Tools/MSVC/14.14.26428/bin/Hostx86/x86/cl.exe 
Build flags: 
Id flags:  

The output was:
0
Microsoft (R) C/C++ Optimizing Compiler Version 19.14.26430 for x86
Copyright (C) Microsoft Corporation.  All rights reserved.

CMakeCCompilerId.c
Microsoft (R) Incremental Linker Version 14.14.26430.0
Copyright (C) Microsoft Corporation.  All rights reserved.

/out:CMakeCCompilerId.exe 
CMakeCCompilerId.obj 


Compilation of the C compiler identification source "CMakeCCompilerId.c" produced "CMakeCCompilerId.exe"

Compilation of the C compiler identification source "CMakeCCompilerId.c" produced "CMakeCCompilerId.obj"

The C compiler identification is MSVC, found in "E:/NSCC/2018 - 2019/Semester 1/Courses/CETN3010/Assignment 1/CETN3010_Assignment_1/cmake-build-debug/CMakeFiles/3.10.3/CompilerIdC/CMakeCCompilerId.exe"

Determining if the C compiler works passed with the following output:
Change Dir: E:/NSCC/2018 - 2019/Semester 1/Courses/CETN3010/Assignment 1/CETN3010_Assignment_1/cmake-build-debug/CMakeFiles/CMakeTmp

Run Build Command:"nmake" "/NOLOGO" "cmTC_e161a\fast"
	"C:\Program Files (x86)\Microsoft Visual Studio\2017\Community\VC\Tools\MSVC\14.14.26428\bin\HostX86\x86\nmake.exe" -f CMakeFiles\cmTC_e161a.dir\build.make /nologo -L                  CMakeFiles\cmTC_e161a.dir\build
Building C object CMakeFiles/cmTC_e161a.dir/testCCompiler.c.obj
	C:\PROGRA~2\MICROS~4\2017\COMMUN~1\VC\Tools\MSVC\1414~1.264\bin\Hostx86\x86\cl.exe @C:\Users\W0412937\AppData\Local\Temp\nm7D4C.tmp
testCCompiler.c
Linking C executable cmTC_e161a.exe
	"C:\Program Files\JetBrains\CLion 2018.1.3\bin\cmake\bin\cmake.exe" -E vs_link_exe --intdir=CMakeFiles\cmTC_e161a.dir --manifests  -- C:\PROGRA~2\MICROS~4\2017\COMMUN~1\VC\Tools\MSVC\1414~1.264\bin\Hostx86\x86\link.exe /nologo @CMakeFiles\cmTC_e161a.dir\objects1.rsp @C:\Users\W0412937\AppData\Local\Temp\nm7ED4.tmp


Detecting C compiler ABI info compiled with the following output:
Change Dir: E:/NSCC/2018 - 2019/Semester 1/Courses/CETN3010/Assignment 1/CETN3010_Assignment_1/cmake-build-debug/CMakeFiles/CMakeTmp

Run Build Command:"nmake" "/NOLOGO" "cmTC_cc51a\fast"
	"C:\Program Files (x86)\Microsoft Visual Studio\2017\Community\VC\Tools\MSVC\14.14.26428\bin\HostX86\x86\nmake.exe" -f CMakeFiles\cmTC_cc51a.dir\build.make /nologo -L                  CMakeFiles\cmTC_cc51a.dir\build
Building C object CMakeFiles/cmTC_cc51a.dir/CMakeCCompilerABI.c.obj
	C:\PROGRA~2\MICROS~4\2017\COMMUN~1\VC\Tools\MSVC\1414~1.264\bin\Hostx86\x86\cl.exe @C:\Users\W0412937\AppData\Local\Temp\nm8318.tmp
CMakeCCompilerABI.c
Linking C executable cmTC_cc51a.exe
	"C:\Program Files\JetBrains\CLion 2018.1.3\bin\cmake\bin\cmake.exe" -E vs_link_exe --intdir=CMakeFiles\cmTC_cc51a.dir --manifests  -- C:\PROGRA~2\MICROS~4\2017\COMMUN~1\VC\Tools\MSVC\1414~1.264\bin\Hostx86\x86\link.exe /nologo @CMakeFiles\cmTC_cc51a.dir\objects1.rsp @C:\Users\W0412937\AppData\Local\Temp\nm8377.tmp


